<?xml version="1.0" encoding="UTF-8"?>
<testng-results ignored="0" total="1" passed="1" failed="0" skipped="0">
  <reporter-output>
  </reporter-output>
  <suite started-at="2025-04-01T17:10:03 IST" name="Default suite" finished-at="2025-04-01T17:10:16 IST" duration-ms="12569">
    <groups>
    </groups>
    <test started-at="2025-04-01T17:10:03 IST" name="Default test" finished-at="2025-04-01T17:10:16 IST" duration-ms="12569">
      <class name="sample.SampleTestNGTC">
        <test-method signature="runLogin()[pri:0, instance:sample.SampleTestNGTC@6cd28fa7]" started-at="2025-04-01T17:10:03 IST" name="runLogin" finished-at="2025-04-01T17:10:16 IST" duration-ms="12509" status="PASS">
          <reporter-output>
          </reporter-output>
        </test-method> <!-- runLogin -->
      </class> <!-- sample.SampleTestNGTC -->
    </test> <!-- Default test -->
  </suite> <!-- Default suite -->
</testng-results>
